<?xml version="1.0" encoding="UTF-8"?>
<!-- Generated by org.testng.reporters.JUnitReportReporter -->
<testsuite ignored="0" hostname="LAPTOP-7LUGIJ5I" failures="0" tests="2" name="com.app.testng.DpTest" time="25.461" errors="0" timestamp="09 Apr 2025 01:34:48 GMT" skipped="0">
  <testcase classname="com.app.testng.DpTest" name="TestLogin" time="13.360"/>
  <testcase classname="com.app.testng.DpTest" name="TestLogin" time="12.101"/>
</testsuite> <!-- com.app.testng.DpTest -->
