<?xml version="1.0" encoding="UTF-8"?>
<!-- Generated by org.testng.reporters.JUnitReportReporter -->
<testsuite ignored="0" hostname="LAPTOP-7LUGIJ5I" failures="0" tests="3" name="com.app.testng.Exclude" time="0.024" errors="0" timestamp="31 Mar 2025 11:20:10 GMT" skipped="0">
  <testcase classname="com.app.testng.Exclude" name="login" time="0.021"/>
  <testcase classname="com.app.testng.Exclude" name="user" time="0.001"/>
  <testcase classname="com.app.testng.Exclude" name="pass" time="0.002"/>
</testsuite> <!-- com.app.testng.Exclude -->
