<?xml version="1.0" encoding="UTF-8"?>
<!-- Generated by org.testng.reporters.JUnitReportReporter -->
<testsuite ignored="0" hostname="LAPTOP-7LUGIJ5I" failures="0" tests="3" name="com.app.testng.ParameterTest" time="0.043" errors="0" timestamp="31 Mar 2025 10:38:46 GMT" skipped="0">
  <testcase classname="com.app.testng.ParameterTest" name="user" time="0.003"/>
  <testcase classname="com.app.testng.ParameterTest" name="pass" time="0.002"/>
  <testcase classname="com.app.testng.ParameterTest" name="login" time="0.038"/>
</testsuite> <!-- com.app.testng.ParameterTest -->
