<?xml version="1.0" encoding="UTF-8"?>
<!-- Generated by org.testng.reporters.JUnitReportReporter -->
<testsuite ignored="2" hostname="LAPTOP-7LUGIJ5I" failures="0" tests="1" name="com.app.testng.IgnoreIncludeTestCase" time="0.022" errors="0" timestamp="31 Mar 2025 11:11:59 GMT" skipped="0">
  <testcase classname="com.app.testng.IgnoreIncludeTestCase" name="pass" time="0.022"/>
  <testcase classname="com.app.testng.IgnoreIncludeTestCase" name="login">
    <skipped/>
  </testcase> <!-- login -->
  <testcase classname="com.app.testng.IgnoreIncludeTestCase" name="user">
    <skipped/>
  </testcase> <!-- user -->
</testsuite> <!-- com.app.testng.IgnoreIncludeTestCase -->
