<?xml version="1.0" encoding="UTF-8"?>
<!-- Generated by org.testng.reporters.JUnitReportReporter -->
<testsuite ignored="1" hostname="LAPTOP-7LUGIJ5I" failures="0" tests="2" name="com.app.testng.IgnoreTestCase" time="0.023" errors="0" timestamp="31 Mar 2025 11:05:03 GMT" skipped="0">
  <testcase classname="com.app.testng.IgnoreTestCase" name="login" time="0.021"/>
  <testcase classname="com.app.testng.IgnoreTestCase" name="pass" time="0.002"/>
  <testcase classname="com.app.testng.IgnoreTestCase" name="user">
    <skipped/>
  </testcase> <!-- user -->
</testsuite> <!-- com.app.testng.IgnoreTestCase -->
