<?xml version="1.0" encoding="UTF-8"?>
<!-- Generated by org.testng.reporters.JUnitReportReporter -->
<testsuite ignored="0" hostname="LAPTOP-7LUGIJ5I" failures="0" tests="2" name="com.app.testng.DependsOn" time="0.022" errors="0" timestamp="31 Mar 2025 11:24:37 GMT" skipped="0">
  <testcase classname="com.app.testng.DependsOn" name="user" time="0.020"/>
  <testcase classname="com.app.testng.DependsOn" name="pass" time="0.002"/>
</testsuite> <!-- com.app.testng.DependsOn -->
