<?xml version="1.0" encoding="UTF-8"?>
<!-- Generated by org.testng.reporters.JUnitReportReporter -->
<testsuite ignored="0" hostname="LAPTOP-7LUGIJ5I" failures="0" tests="100" name="com.app.testng.Invocation" time="0.120" errors="0" timestamp="31 Mar 2025 11:01:58 GMT" skipped="0">
  <testcase classname="com.app.testng.Invocation" name="user" time="0.000"/>
  <testcase classname="com.app.testng.Invocation" name="user" time="0.003"/>
  <testcase classname="com.app.testng.Invocation" name="user" time="0.001"/>
  <testcase classname="com.app.testng.Invocation" name="user" time="0.002"/>
  <testcase classname="com.app.testng.Invocation" name="user" time="0.000"/>
  <testcase classname="com.app.testng.Invocation" name="user" time="0.001"/>
  <testcase classname="com.app.testng.Invocation" name="user" time="0.001"/>
  <testcase classname="com.app.testng.Invocation" name="user" time="0.001"/>
  <testcase classname="com.app.testng.Invocation" name="user" time="0.001"/>
  <testcase classname="com.app.testng.Invocation" name="user" time="0.001"/>
  <testcase classname="com.app.testng.Invocation" name="user" time="0.002"/>
  <testcase classname="com.app.testng.Invocation" name="user" time="0.001"/>
  <testcase classname="com.app.testng.Invocation" name="user" time="0.001"/>
  <testcase classname="com.app.testng.Invocation" name="user" time="0.002"/>
  <testcase classname="com.app.testng.Invocation" name="user" time="0.001"/>
  <testcase classname="com.app.testng.Invocation" name="user" time="0.001"/>
  <testcase classname="com.app.testng.Invocation" name="user" time="0.001"/>
  <testcase classname="com.app.testng.Invocation" name="user" time="0.001"/>
  <testcase classname="com.app.testng.Invocation" name="user" time="0.001"/>
  <testcase classname="com.app.testng.Invocation" name="user" time="0.001"/>
  <testcase classname="com.app.testng.Invocation" name="user" time="0.000"/>
  <testcase classname="com.app.testng.Invocation" name="user" time="0.000"/>
  <testcase classname="com.app.testng.Invocation" name="user" time="0.001"/>
  <testcase classname="com.app.testng.Invocation" name="user" time="0.000"/>
  <testcase classname="com.app.testng.Invocation" name="user" time="0.001"/>
  <testcase classname="com.app.testng.Invocation" name="user" time="0.001"/>
  <testcase classname="com.app.testng.Invocation" name="user" time="0.001"/>
  <testcase classname="com.app.testng.Invocation" name="user" time="0.000"/>
  <testcase classname="com.app.testng.Invocation" name="user" time="0.001"/>
  <testcase classname="com.app.testng.Invocation" name="user" time="0.001"/>
  <testcase classname="com.app.testng.Invocation" name="user" time="0.001"/>
  <testcase classname="com.app.testng.Invocation" name="user" time="0.002"/>
  <testcase classname="com.app.testng.Invocation" name="user" time="0.001"/>
  <testcase classname="com.app.testng.Invocation" name="user" time="0.001"/>
  <testcase classname="com.app.testng.Invocation" name="user" time="0.001"/>
  <testcase classname="com.app.testng.Invocation" name="user" time="0.001"/>
  <testcase classname="com.app.testng.Invocation" name="user" time="0.001"/>
  <testcase classname="com.app.testng.Invocation" name="user" time="0.000"/>
  <testcase classname="com.app.testng.Invocation" name="user" time="0.001"/>
  <testcase classname="com.app.testng.Invocation" name="user" time="0.001"/>
  <testcase classname="com.app.testng.Invocation" name="user" time="0.000"/>
  <testcase classname="com.app.testng.Invocation" name="user" time="0.000"/>
  <testcase classname="com.app.testng.Invocation" name="user" time="0.002"/>
  <testcase classname="com.app.testng.Invocation" name="user" time="0.001"/>
  <testcase classname="com.app.testng.Invocation" name="user" time="0.001"/>
  <testcase classname="com.app.testng.Invocation" name="user" time="0.020"/>
  <testcase classname="com.app.testng.Invocation" name="user" time="0.001"/>
  <testcase classname="com.app.testng.Invocation" name="user" time="0.001"/>
  <testcase classname="com.app.testng.Invocation" name="user" time="0.002"/>
  <testcase classname="com.app.testng.Invocation" name="user" time="0.000"/>
  <testcase classname="com.app.testng.Invocation" name="user" time="0.001"/>
  <testcase classname="com.app.testng.Invocation" name="user" time="0.000"/>
  <testcase classname="com.app.testng.Invocation" name="user" time="0.001"/>
  <testcase classname="com.app.testng.Invocation" name="user" time="0.001"/>
  <testcase classname="com.app.testng.Invocation" name="user" time="0.001"/>
  <testcase classname="com.app.testng.Invocation" name="user" time="0.002"/>
  <testcase classname="com.app.testng.Invocation" name="user" time="0.001"/>
  <testcase classname="com.app.testng.Invocation" name="user" time="0.000"/>
  <testcase classname="com.app.testng.Invocation" name="user" time="0.001"/>
  <testcase classname="com.app.testng.Invocation" name="user" time="0.000"/>
  <testcase classname="com.app.testng.Invocation" name="user" time="0.001"/>
  <testcase classname="com.app.testng.Invocation" name="user" time="0.002"/>
  <testcase classname="com.app.testng.Invocation" name="user" time="0.001"/>
  <testcase classname="com.app.testng.Invocation" name="user" time="0.001"/>
  <testcase classname="com.app.testng.Invocation" name="user" time="0.002"/>
  <testcase classname="com.app.testng.Invocation" name="user" time="0.001"/>
  <testcase classname="com.app.testng.Invocation" name="user" time="0.000"/>
  <testcase classname="com.app.testng.Invocation" name="user" time="0.001"/>
  <testcase classname="com.app.testng.Invocation" name="user" time="0.002"/>
  <testcase classname="com.app.testng.Invocation" name="user" time="0.002"/>
  <testcase classname="com.app.testng.Invocation" name="user" time="0.002"/>
  <testcase classname="com.app.testng.Invocation" name="user" time="0.002"/>
  <testcase classname="com.app.testng.Invocation" name="user" time="0.002"/>
  <testcase classname="com.app.testng.Invocation" name="user" time="0.001"/>
  <testcase classname="com.app.testng.Invocation" name="user" time="0.001"/>
  <testcase classname="com.app.testng.Invocation" name="user" time="0.001"/>
  <testcase classname="com.app.testng.Invocation" name="user" time="0.000"/>
  <testcase classname="com.app.testng.Invocation" name="user" time="0.001"/>
  <testcase classname="com.app.testng.Invocation" name="user" time="0.001"/>
  <testcase classname="com.app.testng.Invocation" name="user" time="0.001"/>
  <testcase classname="com.app.testng.Invocation" name="user" time="0.000"/>
  <testcase classname="com.app.testng.Invocation" name="user" time="0.002"/>
  <testcase classname="com.app.testng.Invocation" name="user" time="0.001"/>
  <testcase classname="com.app.testng.Invocation" name="user" time="0.001"/>
  <testcase classname="com.app.testng.Invocation" name="user" time="0.001"/>
  <testcase classname="com.app.testng.Invocation" name="user" time="0.001"/>
  <testcase classname="com.app.testng.Invocation" name="user" time="0.001"/>
  <testcase classname="com.app.testng.Invocation" name="user" time="0.001"/>
  <testcase classname="com.app.testng.Invocation" name="user" time="0.001"/>
  <testcase classname="com.app.testng.Invocation" name="user" time="0.002"/>
  <testcase classname="com.app.testng.Invocation" name="user" time="0.001"/>
  <testcase classname="com.app.testng.Invocation" name="user" time="0.002"/>
  <testcase classname="com.app.testng.Invocation" name="user" time="0.000"/>
  <testcase classname="com.app.testng.Invocation" name="user" time="0.001"/>
  <testcase classname="com.app.testng.Invocation" name="user" time="0.000"/>
  <testcase classname="com.app.testng.Invocation" name="user" time="0.001"/>
  <testcase classname="com.app.testng.Invocation" name="user" time="0.001"/>
  <testcase classname="com.app.testng.Invocation" name="user" time="0.000"/>
  <testcase classname="com.app.testng.Invocation" name="user" time="0.001"/>
  <testcase classname="com.app.testng.Invocation" name="user" time="0.002"/>
</testsuite> <!-- com.app.testng.Invocation -->
