<?xml version="1.0" encoding="UTF-8"?>
<!-- Generated by org.testng.reporters.JUnitReportReporter -->
<testsuite ignored="0" hostname="LAPTOP-7LUGIJ5I" failures="0" tests="3" name="com.app.testng.TestSample1" time="0.015" errors="0" timestamp="31 Mar 2025 10:11:39 GMT" skipped="0">
  <testcase classname="com.app.testng.TestSample1" name="login" time="0.013"/>
  <testcase classname="com.app.testng.TestSample1" name="pass" time="0.001"/>
  <testcase classname="com.app.testng.TestSample1" name="user" time="0.001"/>
</testsuite> <!-- com.app.testng.TestSample1 -->
