<?xml version="1.0" encoding="UTF-8"?>
<!-- Generated by org.testng.reporters.JUnitReportReporter -->
<testsuite ignored="3" hostname="LAPTOP-7LUGIJ5I" failures="0" tests="1" name="com.app.testng.GroupTwo" time="0.003" errors="0" timestamp="31 Mar 2025 10:53:16 GMT" skipped="0">
  <testcase classname="com.app.testng.GroupTwo" name="test1" time="0.003"/>
  <testcase classname="com.app.testng.GroupOne" name="pass">
    <skipped/>
  </testcase> <!-- pass -->
  <testcase classname="com.app.testng.GroupTwo" name="test2">
    <skipped/>
  </testcase> <!-- test2 -->
  <testcase classname="com.app.testng.GroupTwo" name="test3">
    <skipped/>
  </testcase> <!-- test3 -->
</testsuite> <!-- com.app.testng.GroupTwo -->
